<?xml version="1.0" encoding="UTF-8"?>
<!-- Generated by org.testng.reporters.JUnitReportReporter -->
<testsuite name="com.selenium.test.TestClass" tests="4" time="11.384" ignored="0" failures="0" timestamp="07 Feb 2018 15:49:16 GMT" skipped="0" hostname="sailee" errors="0">
  <testcase name="clickOnTutorialLinkTest" time="9.381" classname="com.selenium.test.TestClass"/>
  <testcase name="selectListItemTest" time="1.737" classname="com.selenium.test.TestClass"/>
  <testcase name="enterTextTest" time="0.188" classname="com.selenium.test.TestClass"/>
  <testcase name="validateTutorialPageTest" time="0.078" classname="com.selenium.test.TestClass"/>
</testsuite> <!-- com.selenium.test.TestClass -->
